# project gqr (1500) configured on Tue Jan 20 19:46:05 2015 by
# waf 1.5.19 (abi 7, python 20706f0 on linux2)
# using /home/xiaoyu/Repos/gqr-1500/waf configure --prefix /usr/local
#

----------------------------------------
Checking for program doxygen
  find program=['doxygen'] paths=[] var=None
  -> '/usr/bin/doxygen'

----------------------------------------
Checking for program install
  find program=['install'] paths=[] var=None
  -> '/usr/bin/install'

----------------------------------------
Checking for program g++ or c++
  find program=['g++', 'c++'] paths=[] var='CXX'
  -> '/usr/bin/g++'

----------------------------------------
Checking for program cpp
  find program=['cpp'] paths=[] var='CPP'
  -> '/usr/bin/cpp'

----------------------------------------
Checking for program ar
  find program=['ar'] paths=[] var='AR'
  -> '/usr/bin/ar'

----------------------------------------
Checking for program ranlib
  find program=['ranlib'] paths=[] var='RANLIB'
  -> '/usr/bin/ranlib'

----------------------------------------
Checking for g++ 
ok 

----------------------------------------
Checking for GQR version 
1500

----------------------------------------
Checking for default install data dir 
/usr/local/share/gqr/data

----------------------------------------
Checking for libgqr target 
not requested (use --enable-libgqr)
